<?xml version="1.0" encoding="UTF-8"?>
<testsuite xmlns:xsi="http://www.w3.org/2001/XMLSchema-instance" xsi:noNamespaceSchemaLocation="https://maven.apache.org/surefire/maven-surefire-plugin/xsd/surefire-test-report.xsd" name="com.ascenthr.camel.producer.CamelProducerApplicationTests" time="7.1" tests="1" errors="0" skipped="0" failures="0">
  <properties>
    <property name="awt.toolkit" value="sun.awt.X11.XToolkit"/>
    <property name="java.specification.version" value="11"/>
    <property name="sun.cpu.isalist" value=""/>
    <property name="sun.jnu.encoding" value="UTF-8"/>
    <property name="java.class.path" value="/home/centos/ascenthr_devops_java_stack/CamelProducer/target/test-classes:/home/centos/ascenthr_devops_java_stack/CamelProducer/target/classes:/home/centos/.m2/repository/org/springframework/boot/spring-boot-starter-actuator/2.1.15.RELEASE/spring-boot-starter-actuator-2.1.15.RELEASE.jar:/home/centos/.m2/repository/org/springframework/boot/spring-boot-starter/2.1.15.RELEASE/spring-boot-starter-2.1.15.RELEASE.jar:/home/centos/.m2/repository/org/springframework/boot/spring-boot-starter-logging/2.1.15.RELEASE/spring-boot-starter-logging-2.1.15.RELEASE.jar:/home/centos/.m2/repository/ch/qos/logback/logback-classic/1.2.3/logback-classic-1.2.3.jar:/home/centos/.m2/repository/ch/qos/logback/logback-core/1.2.3/logback-core-1.2.3.jar:/home/centos/.m2/repository/org/apache/logging/log4j/log4j-to-slf4j/2.11.2/log4j-to-slf4j-2.11.2.jar:/home/centos/.m2/repository/org/apache/logging/log4j/log4j-api/2.11.2/log4j-api-2.11.2.jar:/home/centos/.m2/repository/org/slf4j/jul-to-slf4j/1.7.30/jul-to-slf4j-1.7.30.jar:/home/centos/.m2/repository/javax/annotation/javax.annotation-api/1.3.2/javax.annotation-api-1.3.2.jar:/home/centos/.m2/repository/org/yaml/snakeyaml/1.23/snakeyaml-1.23.jar:/home/centos/.m2/repository/org/springframework/boot/spring-boot-actuator-autoconfigure/2.1.15.RELEASE/spring-boot-actuator-autoconfigure-2.1.15.RELEASE.jar:/home/centos/.m2/repository/org/springframework/boot/spring-boot-actuator/2.1.15.RELEASE/spring-boot-actuator-2.1.15.RELEASE.jar:/home/centos/.m2/repository/com/fasterxml/jackson/core/jackson-databind/2.9.10.4/jackson-databind-2.9.10.4.jar:/home/centos/.m2/repository/com/fasterxml/jackson/core/jackson-annotations/2.9.10/jackson-annotations-2.9.10.jar:/home/centos/.m2/repository/com/fasterxml/jackson/core/jackson-core/2.9.10/jackson-core-2.9.10.jar:/home/centos/.m2/repository/org/springframework/spring-context/5.1.16.RELEASE/spring-context-5.1.16.RELEASE.jar:/home/centos/.m2/repository/com/fasterxml/jackson/datatype/jackson-datatype-jsr310/2.9.10/jackson-datatype-jsr310-2.9.10.jar:/home/centos/.m2/repository/io/micrometer/micrometer-core/1.1.14/micrometer-core-1.1.14.jar:/home/centos/.m2/repository/org/hdrhistogram/HdrHistogram/2.1.9/HdrHistogram-2.1.9.jar:/home/centos/.m2/repository/org/latencyutils/LatencyUtils/2.0.3/LatencyUtils-2.0.3.jar:/home/centos/.m2/repository/org/springframework/boot/spring-boot-starter-web/2.1.15.RELEASE/spring-boot-starter-web-2.1.15.RELEASE.jar:/home/centos/.m2/repository/org/springframework/boot/spring-boot-starter-json/2.1.15.RELEASE/spring-boot-starter-json-2.1.15.RELEASE.jar:/home/centos/.m2/repository/com/fasterxml/jackson/datatype/jackson-datatype-jdk8/2.9.10/jackson-datatype-jdk8-2.9.10.jar:/home/centos/.m2/repository/com/fasterxml/jackson/module/jackson-module-parameter-names/2.9.10/jackson-module-parameter-names-2.9.10.jar:/home/centos/.m2/repository/org/springframework/boot/spring-boot-starter-tomcat/2.1.15.RELEASE/spring-boot-starter-tomcat-2.1.15.RELEASE.jar:/home/centos/.m2/repository/org/apache/tomcat/embed/tomcat-embed-core/9.0.36/tomcat-embed-core-9.0.36.jar:/home/centos/.m2/repository/org/apache/tomcat/embed/tomcat-embed-el/9.0.36/tomcat-embed-el-9.0.36.jar:/home/centos/.m2/repository/org/apache/tomcat/embed/tomcat-embed-websocket/9.0.36/tomcat-embed-websocket-9.0.36.jar:/home/centos/.m2/repository/org/hibernate/validator/hibernate-validator/6.0.20.Final/hibernate-validator-6.0.20.Final.jar:/home/centos/.m2/repository/javax/validation/validation-api/2.0.1.Final/validation-api-2.0.1.Final.jar:/home/centos/.m2/repository/org/jboss/logging/jboss-logging/3.3.3.Final/jboss-logging-3.3.3.Final.jar:/home/centos/.m2/repository/com/fasterxml/classmate/1.4.0/classmate-1.4.0.jar:/home/centos/.m2/repository/org/springframework/spring-web/5.1.16.RELEASE/spring-web-5.1.16.RELEASE.jar:/home/centos/.m2/repository/org/springframework/spring-beans/5.1.16.RELEASE/spring-beans-5.1.16.RELEASE.jar:/home/centos/.m2/repository/org/springframework/spring-webmvc/5.1.16.RELEASE/spring-webmvc-5.1.16.RELEASE.jar:/home/centos/.m2/repository/org/springframework/spring-aop/5.1.16.RELEASE/spring-aop-5.1.16.RELEASE.jar:/home/centos/.m2/repository/org/springframework/spring-expression/5.1.16.RELEASE/spring-expression-5.1.16.RELEASE.jar:/home/centos/.m2/repository/org/apache/camel/springboot/camel-spring-boot-starter/3.4.0/camel-spring-boot-starter-3.4.0.jar:/home/centos/.m2/repository/org/apache/camel/springboot/camel-spring-boot/3.4.0/camel-spring-boot-3.4.0.jar:/home/centos/.m2/repository/org/apache/camel/camel-spring/3.4.0/camel-spring-3.4.0.jar:/home/centos/.m2/repository/org/apache/camel/camel-xml-jaxb/3.4.0/camel-xml-jaxb-3.4.0.jar:/home/centos/.m2/repository/com/sun/xml/bind/jaxb-core/2.3.0/jaxb-core-2.3.0.jar:/home/centos/.m2/repository/com/sun/xml/bind/jaxb-impl/2.3.0/jaxb-impl-2.3.0.jar:/home/centos/.m2/repository/org/apache/camel/camel-core-xml/3.4.0/camel-core-xml-3.4.0.jar:/home/centos/.m2/repository/org/apache/camel/camel-cloud/3.4.0/camel-cloud-3.4.0.jar:/home/centos/.m2/repository/org/apache/camel/camel-cluster/3.4.0/camel-cluster-3.4.0.jar:/home/centos/.m2/repository/org/apache/camel/camel-core-catalog/3.4.0/camel-core-catalog-3.4.0.jar:/home/centos/.m2/repository/org/apache/camel/camel-health/3.4.0/camel-health-3.4.0.jar:/home/centos/.m2/repository/org/apache/camel/camel-main/3.4.0/camel-main-3.4.0.jar:/home/centos/.m2/repository/jakarta/xml/bind/jakarta.xml.bind-api/2.3.2/jakarta.xml.bind-api-2.3.2.jar:/home/centos/.m2/repository/jakarta/activation/jakarta.activation-api/1.2.1/jakarta.activation-api-1.2.1.jar:/home/centos/.m2/repository/org/apache/camel/springboot/camel-core-starter/3.4.0/camel-core-starter-3.4.0.jar:/home/centos/.m2/repository/org/apache/camel/camel-core/3.4.0/camel-core-3.4.0.jar:/home/centos/.m2/repository/org/apache/camel/springboot/camel-rabbitmq-starter/3.4.0/camel-rabbitmq-starter-3.4.0.jar:/home/centos/.m2/repository/org/apache/camel/camel-rabbitmq/3.4.0/camel-rabbitmq-3.4.0.jar:/home/centos/.m2/repository/com/rabbitmq/amqp-client/5.4.3/amqp-client-5.4.3.jar:/home/centos/.m2/repository/commons-pool/commons-pool/1.6/commons-pool-1.6.jar:/home/centos/.m2/repository/org/apache/camel/camel-support/3.4.0/camel-support-3.4.0.jar:/home/centos/.m2/repository/org/apache/camel/springboot/camel-jackson-starter/3.4.0/camel-jackson-starter-3.4.0.jar:/home/centos/.m2/repository/org/apache/camel/camel-jackson/3.4.0/camel-jackson-3.4.0.jar:/home/centos/.m2/repository/org/apache/camel/camel-test/3.4.0/camel-test-3.4.0.jar:/home/centos/.m2/repository/org/apache/camel/camel-core-engine/3.4.0/camel-core-engine-3.4.0.jar:/home/centos/.m2/repository/org/apache/camel/camel-api/3.4.0/camel-api-3.4.0.jar:/home/centos/.m2/repository/org/apache/camel/camel-base/3.4.0/camel-base-3.4.0.jar:/home/centos/.m2/repository/org/apache/camel/camel-management-api/3.4.0/camel-management-api-3.4.0.jar:/home/centos/.m2/repository/org/apache/camel/camel-util/3.4.0/camel-util-3.4.0.jar:/home/centos/.m2/repository/org/apache/camel/camel-core-languages/3.4.0/camel-core-languages-3.4.0.jar:/home/centos/.m2/repository/org/apache/camel/camel-bean/3.4.0/camel-bean-3.4.0.jar:/home/centos/.m2/repository/org/apache/camel/camel-browse/3.4.0/camel-browse-3.4.0.jar:/home/centos/.m2/repository/org/apache/camel/camel-caffeine-lrucache/3.4.0/camel-caffeine-lrucache-3.4.0.jar:/home/centos/.m2/repository/com/github/ben-manes/caffeine/caffeine/2.6.2/caffeine-2.6.2.jar:/home/centos/.m2/repository/org/apache/camel/camel-controlbus/3.4.0/camel-controlbus-3.4.0.jar:/home/centos/.m2/repository/org/apache/camel/camel-dataformat/3.4.0/camel-dataformat-3.4.0.jar:/home/centos/.m2/repository/org/apache/camel/camel-dataset/3.4.0/camel-dataset-3.4.0.jar:/home/centos/.m2/repository/org/apache/camel/camel-direct/3.4.0/camel-direct-3.4.0.jar:/home/centos/.m2/repository/org/apache/camel/camel-directvm/3.4.0/camel-directvm-3.4.0.jar:/home/centos/.m2/repository/org/apache/camel/camel-file/3.4.0/camel-file-3.4.0.jar:/home/centos/.m2/repository/org/apache/camel/camel-language/3.4.0/camel-language-3.4.0.jar:/home/centos/.m2/repository/org/apache/camel/camel-log/3.4.0/camel-log-3.4.0.jar:/home/centos/.m2/repository/org/apache/camel/camel-mock/3.4.0/camel-mock-3.4.0.jar:/home/centos/.m2/repository/org/apache/camel/camel-ref/3.4.0/camel-ref-3.4.0.jar:/home/centos/.m2/repository/org/apache/camel/camel-rest/3.4.0/camel-rest-3.4.0.jar:/home/centos/.m2/repository/org/apache/camel/camel-tooling-model/3.4.0/camel-tooling-model-3.4.0.jar:/home/centos/.m2/repository/org/apache/camel/camel-util-json/3.4.0/camel-util-json-3.4.0.jar:/home/centos/.m2/repository/org/apache/camel/camel-saga/3.4.0/camel-saga-3.4.0.jar:/home/centos/.m2/repository/org/apache/camel/camel-scheduler/3.4.0/camel-scheduler-3.4.0.jar:/home/centos/.m2/repository/org/apache/camel/camel-seda/3.4.0/camel-seda-3.4.0.jar:/home/centos/.m2/repository/org/apache/camel/camel-stub/3.4.0/camel-stub-3.4.0.jar:/home/centos/.m2/repository/org/apache/camel/camel-timer/3.4.0/camel-timer-3.4.0.jar:/home/centos/.m2/repository/org/apache/camel/camel-validator/3.4.0/camel-validator-3.4.0.jar:/home/centos/.m2/repository/org/apache/camel/camel-xml-jaxp/3.4.0/camel-xml-jaxp-3.4.0.jar:/home/centos/.m2/repository/org/apache/camel/camel-vm/3.4.0/camel-vm-3.4.0.jar:/home/centos/.m2/repository/org/apache/camel/camel-xpath/3.4.0/camel-xpath-3.4.0.jar:/home/centos/.m2/repository/org/apache/camel/camel-xslt/3.4.0/camel-xslt-3.4.0.jar:/home/centos/.m2/repository/junit/junit/4.12/junit-4.12.jar:/home/centos/.m2/repository/org/assertj/assertj-core/3.11.1/assertj-core-3.11.1.jar:/home/centos/.m2/repository/org/slf4j/slf4j-api/1.7.30/slf4j-api-1.7.30.jar:/home/centos/.m2/repository/org/slf4j/slf4j-simple/1.7.30/slf4j-simple-1.7.30.jar:/home/centos/.m2/repository/org/springframework/boot/spring-boot-devtools/2.1.15.RELEASE/spring-boot-devtools-2.1.15.RELEASE.jar:/home/centos/.m2/repository/org/springframework/boot/spring-boot/2.1.15.RELEASE/spring-boot-2.1.15.RELEASE.jar:/home/centos/.m2/repository/org/springframework/boot/spring-boot-autoconfigure/2.1.15.RELEASE/spring-boot-autoconfigure-2.1.15.RELEASE.jar:/home/centos/.m2/repository/org/projectlombok/lombok/1.18.12/lombok-1.18.12.jar:/home/centos/.m2/repository/org/springframework/boot/spring-boot-starter-test/2.1.15.RELEASE/spring-boot-starter-test-2.1.15.RELEASE.jar:/home/centos/.m2/repository/org/springframework/boot/spring-boot-test/2.1.15.RELEASE/spring-boot-test-2.1.15.RELEASE.jar:/home/centos/.m2/repository/org/springframework/boot/spring-boot-test-autoconfigure/2.1.15.RELEASE/spring-boot-test-autoconfigure-2.1.15.RELEASE.jar:/home/centos/.m2/repository/com/jayway/jsonpath/json-path/2.4.0/json-path-2.4.0.jar:/home/centos/.m2/repository/net/minidev/json-smart/2.3/json-smart-2.3.jar:/home/centos/.m2/repository/net/minidev/accessors-smart/1.2/accessors-smart-1.2.jar:/home/centos/.m2/repository/org/ow2/asm/asm/5.0.4/asm-5.0.4.jar:/home/centos/.m2/repository/org/mockito/mockito-core/2.23.4/mockito-core-2.23.4.jar:/home/centos/.m2/repository/net/bytebuddy/byte-buddy/1.9.16/byte-buddy-1.9.16.jar:/home/centos/.m2/repository/net/bytebuddy/byte-buddy-agent/1.9.16/byte-buddy-agent-1.9.16.jar:/home/centos/.m2/repository/org/objenesis/objenesis/2.6/objenesis-2.6.jar:/home/centos/.m2/repository/org/hamcrest/hamcrest-core/1.3/hamcrest-core-1.3.jar:/home/centos/.m2/repository/org/hamcrest/hamcrest-library/1.3/hamcrest-library-1.3.jar:/home/centos/.m2/repository/org/skyscreamer/jsonassert/1.5.0/jsonassert-1.5.0.jar:/home/centos/.m2/repository/com/vaadin/external/google/android-json/0.0.20131108.vaadin1/android-json-0.0.20131108.vaadin1.jar:/home/centos/.m2/repository/org/springframework/spring-core/5.1.16.RELEASE/spring-core-5.1.16.RELEASE.jar:/home/centos/.m2/repository/org/springframework/spring-jcl/5.1.16.RELEASE/spring-jcl-5.1.16.RELEASE.jar:/home/centos/.m2/repository/org/springframework/spring-test/5.1.16.RELEASE/spring-test-5.1.16.RELEASE.jar:/home/centos/.m2/repository/org/xmlunit/xmlunit-core/2.6.4/xmlunit-core-2.6.4.jar:/home/centos/.m2/repository/javax/xml/bind/jaxb-api/2.3.1/jaxb-api-2.3.1.jar:/home/centos/.m2/repository/javax/activation/javax.activation-api/1.2.0/javax.activation-api-1.2.0.jar:/home/centos/.m2/repository/org/springframework/amqp/spring-rabbit-test/2.1.15.RELEASE/spring-rabbit-test-2.1.15.RELEASE.jar:/home/centos/.m2/repository/org/hamcrest/hamcrest-all/1.3/hamcrest-all-1.3.jar:/home/centos/.m2/repository/org/springframework/amqp/spring-rabbit/2.1.15.RELEASE/spring-rabbit-2.1.15.RELEASE.jar:/home/centos/.m2/repository/org/springframework/amqp/spring-amqp/2.1.15.RELEASE/spring-amqp-2.1.15.RELEASE.jar:/home/centos/.m2/repository/org/springframework/retry/spring-retry/1.2.5.RELEASE/spring-retry-1.2.5.RELEASE.jar:/home/centos/.m2/repository/org/springframework/spring-messaging/5.1.16.RELEASE/spring-messaging-5.1.16.RELEASE.jar:/home/centos/.m2/repository/org/springframework/spring-tx/5.1.16.RELEASE/spring-tx-5.1.16.RELEASE.jar:/home/centos/.m2/repository/org/apache/commons/commons-csv/1.8/commons-csv-1.8.jar:/home/centos/.m2/repository/org/springframework/boot/spring-boot-configuration-processor/2.1.15.RELEASE/spring-boot-configuration-processor-2.1.15.RELEASE.jar:"/>
    <property name="java.vm.vendor" value="Oracle Corporation"/>
    <property name="sun.arch.data.model" value="64"/>
    <property name="java.vendor.url" value="http://java.oracle.com/"/>
    <property name="user.timezone" value=""/>
    <property name="java.vm.specification.version" value="11"/>
    <property name="os.name" value="Linux"/>
    <property name="sun.java.launcher" value="SUN_STANDARD"/>
    <property name="user.country" value="US"/>
    <property name="sun.boot.library.path" value="/usr/lib/jvm/java-11-openjdk-11.0.7.10-4.el7_8.x86_64/lib"/>
    <property name="sun.java.command" value="/home/centos/ascenthr_devops_java_stack/CamelProducer/target/surefire/surefirebooter1655909935658342372.jar /home/centos/ascenthr_devops_java_stack/CamelProducer/target/surefire 2020-07-18T07-38-05_271-jvmRun1 surefire16834119192819840010tmp surefire_06256593745166455887tmp"/>
    <property name="jdk.debug" value="release"/>
    <property name="surefire.test.class.path" value="/home/centos/ascenthr_devops_java_stack/CamelProducer/target/test-classes:/home/centos/ascenthr_devops_java_stack/CamelProducer/target/classes:/home/centos/.m2/repository/org/springframework/boot/spring-boot-starter-actuator/2.1.15.RELEASE/spring-boot-starter-actuator-2.1.15.RELEASE.jar:/home/centos/.m2/repository/org/springframework/boot/spring-boot-starter/2.1.15.RELEASE/spring-boot-starter-2.1.15.RELEASE.jar:/home/centos/.m2/repository/org/springframework/boot/spring-boot-starter-logging/2.1.15.RELEASE/spring-boot-starter-logging-2.1.15.RELEASE.jar:/home/centos/.m2/repository/ch/qos/logback/logback-classic/1.2.3/logback-classic-1.2.3.jar:/home/centos/.m2/repository/ch/qos/logback/logback-core/1.2.3/logback-core-1.2.3.jar:/home/centos/.m2/repository/org/apache/logging/log4j/log4j-to-slf4j/2.11.2/log4j-to-slf4j-2.11.2.jar:/home/centos/.m2/repository/org/apache/logging/log4j/log4j-api/2.11.2/log4j-api-2.11.2.jar:/home/centos/.m2/repository/org/slf4j/jul-to-slf4j/1.7.30/jul-to-slf4j-1.7.30.jar:/home/centos/.m2/repository/javax/annotation/javax.annotation-api/1.3.2/javax.annotation-api-1.3.2.jar:/home/centos/.m2/repository/org/yaml/snakeyaml/1.23/snakeyaml-1.23.jar:/home/centos/.m2/repository/org/springframework/boot/spring-boot-actuator-autoconfigure/2.1.15.RELEASE/spring-boot-actuator-autoconfigure-2.1.15.RELEASE.jar:/home/centos/.m2/repository/org/springframework/boot/spring-boot-actuator/2.1.15.RELEASE/spring-boot-actuator-2.1.15.RELEASE.jar:/home/centos/.m2/repository/com/fasterxml/jackson/core/jackson-databind/2.9.10.4/jackson-databind-2.9.10.4.jar:/home/centos/.m2/repository/com/fasterxml/jackson/core/jackson-annotations/2.9.10/jackson-annotations-2.9.10.jar:/home/centos/.m2/repository/com/fasterxml/jackson/core/jackson-core/2.9.10/jackson-core-2.9.10.jar:/home/centos/.m2/repository/org/springframework/spring-context/5.1.16.RELEASE/spring-context-5.1.16.RELEASE.jar:/home/centos/.m2/repository/com/fasterxml/jackson/datatype/jackson-datatype-jsr310/2.9.10/jackson-datatype-jsr310-2.9.10.jar:/home/centos/.m2/repository/io/micrometer/micrometer-core/1.1.14/micrometer-core-1.1.14.jar:/home/centos/.m2/repository/org/hdrhistogram/HdrHistogram/2.1.9/HdrHistogram-2.1.9.jar:/home/centos/.m2/repository/org/latencyutils/LatencyUtils/2.0.3/LatencyUtils-2.0.3.jar:/home/centos/.m2/repository/org/springframework/boot/spring-boot-starter-web/2.1.15.RELEASE/spring-boot-starter-web-2.1.15.RELEASE.jar:/home/centos/.m2/repository/org/springframework/boot/spring-boot-starter-json/2.1.15.RELEASE/spring-boot-starter-json-2.1.15.RELEASE.jar:/home/centos/.m2/repository/com/fasterxml/jackson/datatype/jackson-datatype-jdk8/2.9.10/jackson-datatype-jdk8-2.9.10.jar:/home/centos/.m2/repository/com/fasterxml/jackson/module/jackson-module-parameter-names/2.9.10/jackson-module-parameter-names-2.9.10.jar:/home/centos/.m2/repository/org/springframework/boot/spring-boot-starter-tomcat/2.1.15.RELEASE/spring-boot-starter-tomcat-2.1.15.RELEASE.jar:/home/centos/.m2/repository/org/apache/tomcat/embed/tomcat-embed-core/9.0.36/tomcat-embed-core-9.0.36.jar:/home/centos/.m2/repository/org/apache/tomcat/embed/tomcat-embed-el/9.0.36/tomcat-embed-el-9.0.36.jar:/home/centos/.m2/repository/org/apache/tomcat/embed/tomcat-embed-websocket/9.0.36/tomcat-embed-websocket-9.0.36.jar:/home/centos/.m2/repository/org/hibernate/validator/hibernate-validator/6.0.20.Final/hibernate-validator-6.0.20.Final.jar:/home/centos/.m2/repository/javax/validation/validation-api/2.0.1.Final/validation-api-2.0.1.Final.jar:/home/centos/.m2/repository/org/jboss/logging/jboss-logging/3.3.3.Final/jboss-logging-3.3.3.Final.jar:/home/centos/.m2/repository/com/fasterxml/classmate/1.4.0/classmate-1.4.0.jar:/home/centos/.m2/repository/org/springframework/spring-web/5.1.16.RELEASE/spring-web-5.1.16.RELEASE.jar:/home/centos/.m2/repository/org/springframework/spring-beans/5.1.16.RELEASE/spring-beans-5.1.16.RELEASE.jar:/home/centos/.m2/repository/org/springframework/spring-webmvc/5.1.16.RELEASE/spring-webmvc-5.1.16.RELEASE.jar:/home/centos/.m2/repository/org/springframework/spring-aop/5.1.16.RELEASE/spring-aop-5.1.16.RELEASE.jar:/home/centos/.m2/repository/org/springframework/spring-expression/5.1.16.RELEASE/spring-expression-5.1.16.RELEASE.jar:/home/centos/.m2/repository/org/apache/camel/springboot/camel-spring-boot-starter/3.4.0/camel-spring-boot-starter-3.4.0.jar:/home/centos/.m2/repository/org/apache/camel/springboot/camel-spring-boot/3.4.0/camel-spring-boot-3.4.0.jar:/home/centos/.m2/repository/org/apache/camel/camel-spring/3.4.0/camel-spring-3.4.0.jar:/home/centos/.m2/repository/org/apache/camel/camel-xml-jaxb/3.4.0/camel-xml-jaxb-3.4.0.jar:/home/centos/.m2/repository/com/sun/xml/bind/jaxb-core/2.3.0/jaxb-core-2.3.0.jar:/home/centos/.m2/repository/com/sun/xml/bind/jaxb-impl/2.3.0/jaxb-impl-2.3.0.jar:/home/centos/.m2/repository/org/apache/camel/camel-core-xml/3.4.0/camel-core-xml-3.4.0.jar:/home/centos/.m2/repository/org/apache/camel/camel-cloud/3.4.0/camel-cloud-3.4.0.jar:/home/centos/.m2/repository/org/apache/camel/camel-cluster/3.4.0/camel-cluster-3.4.0.jar:/home/centos/.m2/repository/org/apache/camel/camel-core-catalog/3.4.0/camel-core-catalog-3.4.0.jar:/home/centos/.m2/repository/org/apache/camel/camel-health/3.4.0/camel-health-3.4.0.jar:/home/centos/.m2/repository/org/apache/camel/camel-main/3.4.0/camel-main-3.4.0.jar:/home/centos/.m2/repository/jakarta/xml/bind/jakarta.xml.bind-api/2.3.2/jakarta.xml.bind-api-2.3.2.jar:/home/centos/.m2/repository/jakarta/activation/jakarta.activation-api/1.2.1/jakarta.activation-api-1.2.1.jar:/home/centos/.m2/repository/org/apache/camel/springboot/camel-core-starter/3.4.0/camel-core-starter-3.4.0.jar:/home/centos/.m2/repository/org/apache/camel/camel-core/3.4.0/camel-core-3.4.0.jar:/home/centos/.m2/repository/org/apache/camel/springboot/camel-rabbitmq-starter/3.4.0/camel-rabbitmq-starter-3.4.0.jar:/home/centos/.m2/repository/org/apache/camel/camel-rabbitmq/3.4.0/camel-rabbitmq-3.4.0.jar:/home/centos/.m2/repository/com/rabbitmq/amqp-client/5.4.3/amqp-client-5.4.3.jar:/home/centos/.m2/repository/commons-pool/commons-pool/1.6/commons-pool-1.6.jar:/home/centos/.m2/repository/org/apache/camel/camel-support/3.4.0/camel-support-3.4.0.jar:/home/centos/.m2/repository/org/apache/camel/springboot/camel-jackson-starter/3.4.0/camel-jackson-starter-3.4.0.jar:/home/centos/.m2/repository/org/apache/camel/camel-jackson/3.4.0/camel-jackson-3.4.0.jar:/home/centos/.m2/repository/org/apache/camel/camel-test/3.4.0/camel-test-3.4.0.jar:/home/centos/.m2/repository/org/apache/camel/camel-core-engine/3.4.0/camel-core-engine-3.4.0.jar:/home/centos/.m2/repository/org/apache/camel/camel-api/3.4.0/camel-api-3.4.0.jar:/home/centos/.m2/repository/org/apache/camel/camel-base/3.4.0/camel-base-3.4.0.jar:/home/centos/.m2/repository/org/apache/camel/camel-management-api/3.4.0/camel-management-api-3.4.0.jar:/home/centos/.m2/repository/org/apache/camel/camel-util/3.4.0/camel-util-3.4.0.jar:/home/centos/.m2/repository/org/apache/camel/camel-core-languages/3.4.0/camel-core-languages-3.4.0.jar:/home/centos/.m2/repository/org/apache/camel/camel-bean/3.4.0/camel-bean-3.4.0.jar:/home/centos/.m2/repository/org/apache/camel/camel-browse/3.4.0/camel-browse-3.4.0.jar:/home/centos/.m2/repository/org/apache/camel/camel-caffeine-lrucache/3.4.0/camel-caffeine-lrucache-3.4.0.jar:/home/centos/.m2/repository/com/github/ben-manes/caffeine/caffeine/2.6.2/caffeine-2.6.2.jar:/home/centos/.m2/repository/org/apache/camel/camel-controlbus/3.4.0/camel-controlbus-3.4.0.jar:/home/centos/.m2/repository/org/apache/camel/camel-dataformat/3.4.0/camel-dataformat-3.4.0.jar:/home/centos/.m2/repository/org/apache/camel/camel-dataset/3.4.0/camel-dataset-3.4.0.jar:/home/centos/.m2/repository/org/apache/camel/camel-direct/3.4.0/camel-direct-3.4.0.jar:/home/centos/.m2/repository/org/apache/camel/camel-directvm/3.4.0/camel-directvm-3.4.0.jar:/home/centos/.m2/repository/org/apache/camel/camel-file/3.4.0/camel-file-3.4.0.jar:/home/centos/.m2/repository/org/apache/camel/camel-language/3.4.0/camel-language-3.4.0.jar:/home/centos/.m2/repository/org/apache/camel/camel-log/3.4.0/camel-log-3.4.0.jar:/home/centos/.m2/repository/org/apache/camel/camel-mock/3.4.0/camel-mock-3.4.0.jar:/home/centos/.m2/repository/org/apache/camel/camel-ref/3.4.0/camel-ref-3.4.0.jar:/home/centos/.m2/repository/org/apache/camel/camel-rest/3.4.0/camel-rest-3.4.0.jar:/home/centos/.m2/repository/org/apache/camel/camel-tooling-model/3.4.0/camel-tooling-model-3.4.0.jar:/home/centos/.m2/repository/org/apache/camel/camel-util-json/3.4.0/camel-util-json-3.4.0.jar:/home/centos/.m2/repository/org/apache/camel/camel-saga/3.4.0/camel-saga-3.4.0.jar:/home/centos/.m2/repository/org/apache/camel/camel-scheduler/3.4.0/camel-scheduler-3.4.0.jar:/home/centos/.m2/repository/org/apache/camel/camel-seda/3.4.0/camel-seda-3.4.0.jar:/home/centos/.m2/repository/org/apache/camel/camel-stub/3.4.0/camel-stub-3.4.0.jar:/home/centos/.m2/repository/org/apache/camel/camel-timer/3.4.0/camel-timer-3.4.0.jar:/home/centos/.m2/repository/org/apache/camel/camel-validator/3.4.0/camel-validator-3.4.0.jar:/home/centos/.m2/repository/org/apache/camel/camel-xml-jaxp/3.4.0/camel-xml-jaxp-3.4.0.jar:/home/centos/.m2/repository/org/apache/camel/camel-vm/3.4.0/camel-vm-3.4.0.jar:/home/centos/.m2/repository/org/apache/camel/camel-xpath/3.4.0/camel-xpath-3.4.0.jar:/home/centos/.m2/repository/org/apache/camel/camel-xslt/3.4.0/camel-xslt-3.4.0.jar:/home/centos/.m2/repository/junit/junit/4.12/junit-4.12.jar:/home/centos/.m2/repository/org/assertj/assertj-core/3.11.1/assertj-core-3.11.1.jar:/home/centos/.m2/repository/org/slf4j/slf4j-api/1.7.30/slf4j-api-1.7.30.jar:/home/centos/.m2/repository/org/slf4j/slf4j-simple/1.7.30/slf4j-simple-1.7.30.jar:/home/centos/.m2/repository/org/springframework/boot/spring-boot-devtools/2.1.15.RELEASE/spring-boot-devtools-2.1.15.RELEASE.jar:/home/centos/.m2/repository/org/springframework/boot/spring-boot/2.1.15.RELEASE/spring-boot-2.1.15.RELEASE.jar:/home/centos/.m2/repository/org/springframework/boot/spring-boot-autoconfigure/2.1.15.RELEASE/spring-boot-autoconfigure-2.1.15.RELEASE.jar:/home/centos/.m2/repository/org/projectlombok/lombok/1.18.12/lombok-1.18.12.jar:/home/centos/.m2/repository/org/springframework/boot/spring-boot-starter-test/2.1.15.RELEASE/spring-boot-starter-test-2.1.15.RELEASE.jar:/home/centos/.m2/repository/org/springframework/boot/spring-boot-test/2.1.15.RELEASE/spring-boot-test-2.1.15.RELEASE.jar:/home/centos/.m2/repository/org/springframework/boot/spring-boot-test-autoconfigure/2.1.15.RELEASE/spring-boot-test-autoconfigure-2.1.15.RELEASE.jar:/home/centos/.m2/repository/com/jayway/jsonpath/json-path/2.4.0/json-path-2.4.0.jar:/home/centos/.m2/repository/net/minidev/json-smart/2.3/json-smart-2.3.jar:/home/centos/.m2/repository/net/minidev/accessors-smart/1.2/accessors-smart-1.2.jar:/home/centos/.m2/repository/org/ow2/asm/asm/5.0.4/asm-5.0.4.jar:/home/centos/.m2/repository/org/mockito/mockito-core/2.23.4/mockito-core-2.23.4.jar:/home/centos/.m2/repository/net/bytebuddy/byte-buddy/1.9.16/byte-buddy-1.9.16.jar:/home/centos/.m2/repository/net/bytebuddy/byte-buddy-agent/1.9.16/byte-buddy-agent-1.9.16.jar:/home/centos/.m2/repository/org/objenesis/objenesis/2.6/objenesis-2.6.jar:/home/centos/.m2/repository/org/hamcrest/hamcrest-core/1.3/hamcrest-core-1.3.jar:/home/centos/.m2/repository/org/hamcrest/hamcrest-library/1.3/hamcrest-library-1.3.jar:/home/centos/.m2/repository/org/skyscreamer/jsonassert/1.5.0/jsonassert-1.5.0.jar:/home/centos/.m2/repository/com/vaadin/external/google/android-json/0.0.20131108.vaadin1/android-json-0.0.20131108.vaadin1.jar:/home/centos/.m2/repository/org/springframework/spring-core/5.1.16.RELEASE/spring-core-5.1.16.RELEASE.jar:/home/centos/.m2/repository/org/springframework/spring-jcl/5.1.16.RELEASE/spring-jcl-5.1.16.RELEASE.jar:/home/centos/.m2/repository/org/springframework/spring-test/5.1.16.RELEASE/spring-test-5.1.16.RELEASE.jar:/home/centos/.m2/repository/org/xmlunit/xmlunit-core/2.6.4/xmlunit-core-2.6.4.jar:/home/centos/.m2/repository/javax/xml/bind/jaxb-api/2.3.1/jaxb-api-2.3.1.jar:/home/centos/.m2/repository/javax/activation/javax.activation-api/1.2.0/javax.activation-api-1.2.0.jar:/home/centos/.m2/repository/org/springframework/amqp/spring-rabbit-test/2.1.15.RELEASE/spring-rabbit-test-2.1.15.RELEASE.jar:/home/centos/.m2/repository/org/hamcrest/hamcrest-all/1.3/hamcrest-all-1.3.jar:/home/centos/.m2/repository/org/springframework/amqp/spring-rabbit/2.1.15.RELEASE/spring-rabbit-2.1.15.RELEASE.jar:/home/centos/.m2/repository/org/springframework/amqp/spring-amqp/2.1.15.RELEASE/spring-amqp-2.1.15.RELEASE.jar:/home/centos/.m2/repository/org/springframework/retry/spring-retry/1.2.5.RELEASE/spring-retry-1.2.5.RELEASE.jar:/home/centos/.m2/repository/org/springframework/spring-messaging/5.1.16.RELEASE/spring-messaging-5.1.16.RELEASE.jar:/home/centos/.m2/repository/org/springframework/spring-tx/5.1.16.RELEASE/spring-tx-5.1.16.RELEASE.jar:/home/centos/.m2/repository/org/apache/commons/commons-csv/1.8/commons-csv-1.8.jar:/home/centos/.m2/repository/org/springframework/boot/spring-boot-configuration-processor/2.1.15.RELEASE/spring-boot-configuration-processor-2.1.15.RELEASE.jar:"/>
    <property name="sun.cpu.endian" value="little"/>
    <property name="user.home" value="/home/centos"/>
    <property name="user.language" value="en"/>
    <property name="java.specification.vendor" value="Oracle Corporation"/>
    <property name="java.version.date" value="2020-04-14"/>
    <property name="java.home" value="/usr/lib/jvm/java-11-openjdk-11.0.7.10-4.el7_8.x86_64"/>
    <property name="file.separator" value="/"/>
    <property name="basedir" value="/home/centos/ascenthr_devops_java_stack/CamelProducer"/>
    <property name="java.vm.compressedOopsMode" value="32-bit"/>
    <property name="line.separator" value="&#10;"/>
    <property name="java.specification.name" value="Java Platform API Specification"/>
    <property name="java.vm.specification.vendor" value="Oracle Corporation"/>
    <property name="java.awt.graphicsenv" value="sun.awt.X11GraphicsEnvironment"/>
    <property name="surefire.real.class.path" value="/home/centos/ascenthr_devops_java_stack/CamelProducer/target/surefire/surefirebooter1655909935658342372.jar"/>
    <property name="sun.management.compiler" value="HotSpot 64-Bit Tiered Compilers"/>
    <property name="java.runtime.version" value="11.0.7+10-LTS"/>
    <property name="user.name" value="centos"/>
    <property name="path.separator" value=":"/>
    <property name="os.version" value="3.10.0-1127.13.1.el7.x86_64"/>
    <property name="java.runtime.name" value="OpenJDK Runtime Environment"/>
    <property name="file.encoding" value="UTF-8"/>
    <property name="java.vm.name" value="OpenJDK 64-Bit Server VM"/>
    <property name="java.vendor.version" value="18.9"/>
    <property name="localRepository" value="/home/centos/.m2/repository"/>
    <property name="java.vendor.url.bug" value="http://bugreport.java.com/bugreport/"/>
    <property name="java.io.tmpdir" value="/tmp"/>
    <property name="java.version" value="11.0.7"/>
    <property name="user.dir" value="/home/centos/ascenthr_devops_java_stack/CamelProducer"/>
    <property name="os.arch" value="amd64"/>
    <property name="java.vm.specification.name" value="Java Virtual Machine Specification"/>
    <property name="java.awt.printerjob" value="sun.print.PSPrinterJob"/>
    <property name="sun.os.patch.level" value="unknown"/>
    <property name="java.library.path" value="/usr/java/packages/lib:/usr/lib64:/lib64:/lib:/usr/lib"/>
    <property name="java.vendor" value="Oracle Corporation"/>
    <property name="java.vm.info" value="mixed mode, sharing"/>
    <property name="java.vm.version" value="11.0.7+10-LTS"/>
    <property name="sun.io.unicode.encoding" value="UnicodeLittle"/>
    <property name="java.class.version" value="55.0"/>
  </properties>
  <testcase name="contextLoads" classname="com.ascenthr.camel.producer.CamelProducerApplicationTests" time="0.354"/>
</testsuite>