<?xml version="1.0" encoding="UTF-8"?>
<testsuite xmlns:xsi="http://www.w3.org/2001/XMLSchema-instance" xsi:noNamespaceSchemaLocation="https://maven.apache.org/surefire/maven-surefire-plugin/xsd/surefire-test-report.xsd" name="com.ascenthr.camel.consumer.CamelConsumerApplicationTests" time="62.491" tests="1" errors="0" skipped="0" failures="0">
  <properties>
    <property name="sun.desktop" value="windows"/>
    <property name="awt.toolkit" value="sun.awt.windows.WToolkit"/>
    <property name="java.specification.version" value="11"/>
    <property name="sun.cpu.isalist" value="amd64"/>
    <property name="sun.jnu.encoding" value="Cp1252"/>
    <property name="java.class.path" value="D:\Personal\Projectss\ascenthr_devops_java_stack\Java_source\CamelConsumer\target\test-classes;D:\Personal\Projectss\ascenthr_devops_java_stack\Java_source\CamelConsumer\target\classes;C:\Users\sureshd\.m2\repository\org\springframework\boot\spring-boot-starter-actuator\2.1.15.RELEASE\spring-boot-starter-actuator-2.1.15.RELEASE.jar;C:\Users\sureshd\.m2\repository\org\springframework\boot\spring-boot-starter\2.1.15.RELEASE\spring-boot-starter-2.1.15.RELEASE.jar;C:\Users\sureshd\.m2\repository\org\springframework\boot\spring-boot-starter-logging\2.1.15.RELEASE\spring-boot-starter-logging-2.1.15.RELEASE.jar;C:\Users\sureshd\.m2\repository\ch\qos\logback\logback-classic\1.2.3\logback-classic-1.2.3.jar;C:\Users\sureshd\.m2\repository\ch\qos\logback\logback-core\1.2.3\logback-core-1.2.3.jar;C:\Users\sureshd\.m2\repository\org\apache\logging\log4j\log4j-to-slf4j\2.11.2\log4j-to-slf4j-2.11.2.jar;C:\Users\sureshd\.m2\repository\org\apache\logging\log4j\log4j-api\2.11.2\log4j-api-2.11.2.jar;C:\Users\sureshd\.m2\repository\org\slf4j\jul-to-slf4j\1.7.30\jul-to-slf4j-1.7.30.jar;C:\Users\sureshd\.m2\repository\javax\annotation\javax.annotation-api\1.3.2\javax.annotation-api-1.3.2.jar;C:\Users\sureshd\.m2\repository\org\yaml\snakeyaml\1.23\snakeyaml-1.23.jar;C:\Users\sureshd\.m2\repository\org\springframework\boot\spring-boot-actuator-autoconfigure\2.1.15.RELEASE\spring-boot-actuator-autoconfigure-2.1.15.RELEASE.jar;C:\Users\sureshd\.m2\repository\org\springframework\boot\spring-boot-actuator\2.1.15.RELEASE\spring-boot-actuator-2.1.15.RELEASE.jar;C:\Users\sureshd\.m2\repository\com\fasterxml\jackson\core\jackson-databind\2.9.10.4\jackson-databind-2.9.10.4.jar;C:\Users\sureshd\.m2\repository\com\fasterxml\jackson\core\jackson-annotations\2.9.10\jackson-annotations-2.9.10.jar;C:\Users\sureshd\.m2\repository\com\fasterxml\jackson\core\jackson-core\2.9.10\jackson-core-2.9.10.jar;C:\Users\sureshd\.m2\repository\org\springframework\spring-context\5.1.16.RELEASE\spring-context-5.1.16.RELEASE.jar;C:\Users\sureshd\.m2\repository\com\fasterxml\jackson\datatype\jackson-datatype-jsr310\2.9.10\jackson-datatype-jsr310-2.9.10.jar;C:\Users\sureshd\.m2\repository\io\micrometer\micrometer-core\1.1.14\micrometer-core-1.1.14.jar;C:\Users\sureshd\.m2\repository\org\hdrhistogram\HdrHistogram\2.1.9\HdrHistogram-2.1.9.jar;C:\Users\sureshd\.m2\repository\org\latencyutils\LatencyUtils\2.0.3\LatencyUtils-2.0.3.jar;C:\Users\sureshd\.m2\repository\io\micrometer\micrometer-registry-prometheus\1.1.14\micrometer-registry-prometheus-1.1.14.jar;C:\Users\sureshd\.m2\repository\io\prometheus\simpleclient_common\0.5.0\simpleclient_common-0.5.0.jar;C:\Users\sureshd\.m2\repository\io\prometheus\simpleclient\0.5.0\simpleclient-0.5.0.jar;C:\Users\sureshd\.m2\repository\org\springframework\boot\spring-boot-starter-web\2.1.15.RELEASE\spring-boot-starter-web-2.1.15.RELEASE.jar;C:\Users\sureshd\.m2\repository\org\springframework\boot\spring-boot-starter-json\2.1.15.RELEASE\spring-boot-starter-json-2.1.15.RELEASE.jar;C:\Users\sureshd\.m2\repository\com\fasterxml\jackson\datatype\jackson-datatype-jdk8\2.9.10\jackson-datatype-jdk8-2.9.10.jar;C:\Users\sureshd\.m2\repository\com\fasterxml\jackson\module\jackson-module-parameter-names\2.9.10\jackson-module-parameter-names-2.9.10.jar;C:\Users\sureshd\.m2\repository\org\springframework\boot\spring-boot-starter-tomcat\2.1.15.RELEASE\spring-boot-starter-tomcat-2.1.15.RELEASE.jar;C:\Users\sureshd\.m2\repository\org\apache\tomcat\embed\tomcat-embed-core\9.0.36\tomcat-embed-core-9.0.36.jar;C:\Users\sureshd\.m2\repository\org\apache\tomcat\embed\tomcat-embed-el\9.0.36\tomcat-embed-el-9.0.36.jar;C:\Users\sureshd\.m2\repository\org\apache\tomcat\embed\tomcat-embed-websocket\9.0.36\tomcat-embed-websocket-9.0.36.jar;C:\Users\sureshd\.m2\repository\org\hibernate\validator\hibernate-validator\6.0.20.Final\hibernate-validator-6.0.20.Final.jar;C:\Users\sureshd\.m2\repository\javax\validation\validation-api\2.0.1.Final\validation-api-2.0.1.Final.jar;C:\Users\sureshd\.m2\repository\org\jboss\logging\jboss-logging\3.3.3.Final\jboss-logging-3.3.3.Final.jar;C:\Users\sureshd\.m2\repository\com\fasterxml\classmate\1.4.0\classmate-1.4.0.jar;C:\Users\sureshd\.m2\repository\org\springframework\spring-web\5.1.16.RELEASE\spring-web-5.1.16.RELEASE.jar;C:\Users\sureshd\.m2\repository\org\springframework\spring-beans\5.1.16.RELEASE\spring-beans-5.1.16.RELEASE.jar;C:\Users\sureshd\.m2\repository\org\springframework\spring-webmvc\5.1.16.RELEASE\spring-webmvc-5.1.16.RELEASE.jar;C:\Users\sureshd\.m2\repository\org\springframework\spring-aop\5.1.16.RELEASE\spring-aop-5.1.16.RELEASE.jar;C:\Users\sureshd\.m2\repository\org\springframework\spring-expression\5.1.16.RELEASE\spring-expression-5.1.16.RELEASE.jar;C:\Users\sureshd\.m2\repository\org\springframework\boot\spring-boot-starter-data-jpa\2.1.15.RELEASE\spring-boot-starter-data-jpa-2.1.15.RELEASE.jar;C:\Users\sureshd\.m2\repository\org\springframework\boot\spring-boot-starter-aop\2.1.15.RELEASE\spring-boot-starter-aop-2.1.15.RELEASE.jar;C:\Users\sureshd\.m2\repository\org\aspectj\aspectjweaver\1.9.5\aspectjweaver-1.9.5.jar;C:\Users\sureshd\.m2\repository\org\springframework\boot\spring-boot-starter-jdbc\2.1.15.RELEASE\spring-boot-starter-jdbc-2.1.15.RELEASE.jar;C:\Users\sureshd\.m2\repository\com\zaxxer\HikariCP\3.2.0\HikariCP-3.2.0.jar;C:\Users\sureshd\.m2\repository\org\springframework\spring-jdbc\5.1.16.RELEASE\spring-jdbc-5.1.16.RELEASE.jar;C:\Users\sureshd\.m2\repository\javax\transaction\javax.transaction-api\1.3\javax.transaction-api-1.3.jar;C:\Users\sureshd\.m2\repository\javax\xml\bind\jaxb-api\2.3.1\jaxb-api-2.3.1.jar;C:\Users\sureshd\.m2\repository\javax\activation\javax.activation-api\1.2.0\javax.activation-api-1.2.0.jar;C:\Users\sureshd\.m2\repository\org\hibernate\hibernate-core\5.3.17.Final\hibernate-core-5.3.17.Final.jar;C:\Users\sureshd\.m2\repository\javax\persistence\javax.persistence-api\2.2\javax.persistence-api-2.2.jar;C:\Users\sureshd\.m2\repository\org\javassist\javassist\3.23.2-GA\javassist-3.23.2-GA.jar;C:\Users\sureshd\.m2\repository\net\bytebuddy\byte-buddy\1.9.16\byte-buddy-1.9.16.jar;C:\Users\sureshd\.m2\repository\antlr\antlr\2.7.7\antlr-2.7.7.jar;C:\Users\sureshd\.m2\repository\org\jboss\jandex\2.0.5.Final\jandex-2.0.5.Final.jar;C:\Users\sureshd\.m2\repository\org\dom4j\dom4j\2.1.3\dom4j-2.1.3.jar;C:\Users\sureshd\.m2\repository\org\hibernate\common\hibernate-commons-annotations\5.0.4.Final\hibernate-commons-annotations-5.0.4.Final.jar;C:\Users\sureshd\.m2\repository\org\glassfish\jaxb\jaxb-runtime\2.3.1\jaxb-runtime-2.3.1.jar;C:\Users\sureshd\.m2\repository\org\glassfish\jaxb\txw2\2.3.1\txw2-2.3.1.jar;C:\Users\sureshd\.m2\repository\com\sun\istack\istack-commons-runtime\3.0.7\istack-commons-runtime-3.0.7.jar;C:\Users\sureshd\.m2\repository\org\jvnet\staxex\stax-ex\1.8\stax-ex-1.8.jar;C:\Users\sureshd\.m2\repository\com\sun\xml\fastinfoset\FastInfoset\1.2.15\FastInfoset-1.2.15.jar;C:\Users\sureshd\.m2\repository\org\springframework\data\spring-data-jpa\2.1.18.RELEASE\spring-data-jpa-2.1.18.RELEASE.jar;C:\Users\sureshd\.m2\repository\org\springframework\data\spring-data-commons\2.1.18.RELEASE\spring-data-commons-2.1.18.RELEASE.jar;C:\Users\sureshd\.m2\repository\org\springframework\spring-orm\5.1.16.RELEASE\spring-orm-5.1.16.RELEASE.jar;C:\Users\sureshd\.m2\repository\org\springframework\spring-tx\5.1.16.RELEASE\spring-tx-5.1.16.RELEASE.jar;C:\Users\sureshd\.m2\repository\org\springframework\spring-aspects\5.1.16.RELEASE\spring-aspects-5.1.16.RELEASE.jar;C:\Users\sureshd\.m2\repository\org\apache\camel\springboot\camel-spring-boot-starter\3.4.0\camel-spring-boot-starter-3.4.0.jar;C:\Users\sureshd\.m2\repository\org\apache\camel\springboot\camel-spring-boot\3.4.0\camel-spring-boot-3.4.0.jar;C:\Users\sureshd\.m2\repository\org\apache\camel\camel-spring\3.4.0\camel-spring-3.4.0.jar;C:\Users\sureshd\.m2\repository\org\apache\camel\camel-xml-jaxb\3.4.0\camel-xml-jaxb-3.4.0.jar;C:\Users\sureshd\.m2\repository\com\sun\xml\bind\jaxb-core\2.3.0\jaxb-core-2.3.0.jar;C:\Users\sureshd\.m2\repository\com\sun\xml\bind\jaxb-impl\2.3.0\jaxb-impl-2.3.0.jar;C:\Users\sureshd\.m2\repository\org\apache\camel\camel-core-xml\3.4.0\camel-core-xml-3.4.0.jar;C:\Users\sureshd\.m2\repository\org\apache\camel\camel-cloud\3.4.0\camel-cloud-3.4.0.jar;C:\Users\sureshd\.m2\repository\org\apache\camel\camel-cluster\3.4.0\camel-cluster-3.4.0.jar;C:\Users\sureshd\.m2\repository\org\apache\camel\camel-core-catalog\3.4.0\camel-core-catalog-3.4.0.jar;C:\Users\sureshd\.m2\repository\org\apache\camel\camel-health\3.4.0\camel-health-3.4.0.jar;C:\Users\sureshd\.m2\repository\org\apache\camel\camel-main\3.4.0\camel-main-3.4.0.jar;C:\Users\sureshd\.m2\repository\jakarta\xml\bind\jakarta.xml.bind-api\2.3.2\jakarta.xml.bind-api-2.3.2.jar;C:\Users\sureshd\.m2\repository\jakarta\activation\jakarta.activation-api\1.2.1\jakarta.activation-api-1.2.1.jar;C:\Users\sureshd\.m2\repository\org\apache\camel\springboot\camel-core-starter\3.4.0\camel-core-starter-3.4.0.jar;C:\Users\sureshd\.m2\repository\org\apache\camel\camel-core\3.4.0\camel-core-3.4.0.jar;C:\Users\sureshd\.m2\repository\org\apache\camel\springboot\camel-rabbitmq-starter\3.4.0\camel-rabbitmq-starter-3.4.0.jar;C:\Users\sureshd\.m2\repository\org\apache\camel\camel-rabbitmq\3.4.0\camel-rabbitmq-3.4.0.jar;C:\Users\sureshd\.m2\repository\com\rabbitmq\amqp-client\5.4.3\amqp-client-5.4.3.jar;C:\Users\sureshd\.m2\repository\commons-pool\commons-pool\1.6\commons-pool-1.6.jar;C:\Users\sureshd\.m2\repository\org\apache\camel\camel-support\3.4.0\camel-support-3.4.0.jar;C:\Users\sureshd\.m2\repository\org\apache\camel\springboot\camel-jackson-starter\3.4.0\camel-jackson-starter-3.4.0.jar;C:\Users\sureshd\.m2\repository\org\apache\camel\camel-jackson\3.4.0\camel-jackson-3.4.0.jar;C:\Users\sureshd\.m2\repository\org\apache\camel\camel-test\3.4.0\camel-test-3.4.0.jar;C:\Users\sureshd\.m2\repository\org\apache\camel\camel-core-engine\3.4.0\camel-core-engine-3.4.0.jar;C:\Users\sureshd\.m2\repository\org\apache\camel\camel-api\3.4.0\camel-api-3.4.0.jar;C:\Users\sureshd\.m2\repository\org\apache\camel\camel-base\3.4.0\camel-base-3.4.0.jar;C:\Users\sureshd\.m2\repository\org\apache\camel\camel-management-api\3.4.0\camel-management-api-3.4.0.jar;C:\Users\sureshd\.m2\repository\org\apache\camel\camel-util\3.4.0\camel-util-3.4.0.jar;C:\Users\sureshd\.m2\repository\org\apache\camel\camel-core-languages\3.4.0\camel-core-languages-3.4.0.jar;C:\Users\sureshd\.m2\repository\org\apache\camel\camel-bean\3.4.0\camel-bean-3.4.0.jar;C:\Users\sureshd\.m2\repository\org\apache\camel\camel-browse\3.4.0\camel-browse-3.4.0.jar;C:\Users\sureshd\.m2\repository\org\apache\camel\camel-caffeine-lrucache\3.4.0\camel-caffeine-lrucache-3.4.0.jar;C:\Users\sureshd\.m2\repository\com\github\ben-manes\caffeine\caffeine\2.6.2\caffeine-2.6.2.jar;C:\Users\sureshd\.m2\repository\org\apache\camel\camel-controlbus\3.4.0\camel-controlbus-3.4.0.jar;C:\Users\sureshd\.m2\repository\org\apache\camel\camel-dataformat\3.4.0\camel-dataformat-3.4.0.jar;C:\Users\sureshd\.m2\repository\org\apache\camel\camel-dataset\3.4.0\camel-dataset-3.4.0.jar;C:\Users\sureshd\.m2\repository\org\apache\camel\camel-direct\3.4.0\camel-direct-3.4.0.jar;C:\Users\sureshd\.m2\repository\org\apache\camel\camel-directvm\3.4.0\camel-directvm-3.4.0.jar;C:\Users\sureshd\.m2\repository\org\apache\camel\camel-file\3.4.0\camel-file-3.4.0.jar;C:\Users\sureshd\.m2\repository\org\apache\camel\camel-language\3.4.0\camel-language-3.4.0.jar;C:\Users\sureshd\.m2\repository\org\apache\camel\camel-log\3.4.0\camel-log-3.4.0.jar;C:\Users\sureshd\.m2\repository\org\apache\camel\camel-mock\3.4.0\camel-mock-3.4.0.jar;C:\Users\sureshd\.m2\repository\org\apache\camel\camel-ref\3.4.0\camel-ref-3.4.0.jar;C:\Users\sureshd\.m2\repository\org\apache\camel\camel-rest\3.4.0\camel-rest-3.4.0.jar;C:\Users\sureshd\.m2\repository\org\apache\camel\camel-tooling-model\3.4.0\camel-tooling-model-3.4.0.jar;C:\Users\sureshd\.m2\repository\org\apache\camel\camel-util-json\3.4.0\camel-util-json-3.4.0.jar;C:\Users\sureshd\.m2\repository\org\apache\camel\camel-saga\3.4.0\camel-saga-3.4.0.jar;C:\Users\sureshd\.m2\repository\org\apache\camel\camel-scheduler\3.4.0\camel-scheduler-3.4.0.jar;C:\Users\sureshd\.m2\repository\org\apache\camel\camel-seda\3.4.0\camel-seda-3.4.0.jar;C:\Users\sureshd\.m2\repository\org\apache\camel\camel-stub\3.4.0\camel-stub-3.4.0.jar;C:\Users\sureshd\.m2\repository\org\apache\camel\camel-timer\3.4.0\camel-timer-3.4.0.jar;C:\Users\sureshd\.m2\repository\org\apache\camel\camel-validator\3.4.0\camel-validator-3.4.0.jar;C:\Users\sureshd\.m2\repository\org\apache\camel\camel-xml-jaxp\3.4.0\camel-xml-jaxp-3.4.0.jar;C:\Users\sureshd\.m2\repository\org\apache\camel\camel-vm\3.4.0\camel-vm-3.4.0.jar;C:\Users\sureshd\.m2\repository\org\apache\camel\camel-xpath\3.4.0\camel-xpath-3.4.0.jar;C:\Users\sureshd\.m2\repository\org\apache\camel\camel-xslt\3.4.0\camel-xslt-3.4.0.jar;C:\Users\sureshd\.m2\repository\junit\junit\4.12\junit-4.12.jar;C:\Users\sureshd\.m2\repository\org\assertj\assertj-core\3.11.1\assertj-core-3.11.1.jar;C:\Users\sureshd\.m2\repository\org\postgresql\postgresql\42.2.14\postgresql-42.2.14.jar;C:\Users\sureshd\.m2\repository\org\slf4j\slf4j-api\1.7.30\slf4j-api-1.7.30.jar;C:\Users\sureshd\.m2\repository\org\slf4j\slf4j-simple\1.7.30\slf4j-simple-1.7.30.jar;C:\Users\sureshd\.m2\repository\org\springframework\boot\spring-boot-devtools\2.1.15.RELEASE\spring-boot-devtools-2.1.15.RELEASE.jar;C:\Users\sureshd\.m2\repository\org\springframework\boot\spring-boot\2.1.15.RELEASE\spring-boot-2.1.15.RELEASE.jar;C:\Users\sureshd\.m2\repository\org\springframework\boot\spring-boot-autoconfigure\2.1.15.RELEASE\spring-boot-autoconfigure-2.1.15.RELEASE.jar;C:\Users\sureshd\.m2\repository\org\projectlombok\lombok\1.18.12\lombok-1.18.12.jar;C:\Users\sureshd\.m2\repository\org\springframework\boot\spring-boot-starter-test\2.1.15.RELEASE\spring-boot-starter-test-2.1.15.RELEASE.jar;C:\Users\sureshd\.m2\repository\org\springframework\boot\spring-boot-test\2.1.15.RELEASE\spring-boot-test-2.1.15.RELEASE.jar;C:\Users\sureshd\.m2\repository\org\springframework\boot\spring-boot-test-autoconfigure\2.1.15.RELEASE\spring-boot-test-autoconfigure-2.1.15.RELEASE.jar;C:\Users\sureshd\.m2\repository\com\jayway\jsonpath\json-path\2.4.0\json-path-2.4.0.jar;C:\Users\sureshd\.m2\repository\net\minidev\json-smart\2.3\json-smart-2.3.jar;C:\Users\sureshd\.m2\repository\net\minidev\accessors-smart\1.2\accessors-smart-1.2.jar;C:\Users\sureshd\.m2\repository\org\ow2\asm\asm\5.0.4\asm-5.0.4.jar;C:\Users\sureshd\.m2\repository\org\mockito\mockito-core\2.23.4\mockito-core-2.23.4.jar;C:\Users\sureshd\.m2\repository\net\bytebuddy\byte-buddy-agent\1.9.16\byte-buddy-agent-1.9.16.jar;C:\Users\sureshd\.m2\repository\org\objenesis\objenesis\2.6\objenesis-2.6.jar;C:\Users\sureshd\.m2\repository\org\hamcrest\hamcrest-core\1.3\hamcrest-core-1.3.jar;C:\Users\sureshd\.m2\repository\org\hamcrest\hamcrest-library\1.3\hamcrest-library-1.3.jar;C:\Users\sureshd\.m2\repository\org\skyscreamer\jsonassert\1.5.0\jsonassert-1.5.0.jar;C:\Users\sureshd\.m2\repository\com\vaadin\external\google\android-json\0.0.20131108.vaadin1\android-json-0.0.20131108.vaadin1.jar;C:\Users\sureshd\.m2\repository\org\springframework\spring-core\5.1.16.RELEASE\spring-core-5.1.16.RELEASE.jar;C:\Users\sureshd\.m2\repository\org\springframework\spring-jcl\5.1.16.RELEASE\spring-jcl-5.1.16.RELEASE.jar;C:\Users\sureshd\.m2\repository\org\springframework\spring-test\5.1.16.RELEASE\spring-test-5.1.16.RELEASE.jar;C:\Users\sureshd\.m2\repository\org\xmlunit\xmlunit-core\2.6.4\xmlunit-core-2.6.4.jar;C:\Users\sureshd\.m2\repository\org\springframework\amqp\spring-rabbit-test\2.1.15.RELEASE\spring-rabbit-test-2.1.15.RELEASE.jar;C:\Users\sureshd\.m2\repository\org\hamcrest\hamcrest-all\1.3\hamcrest-all-1.3.jar;C:\Users\sureshd\.m2\repository\org\springframework\amqp\spring-rabbit\2.1.15.RELEASE\spring-rabbit-2.1.15.RELEASE.jar;C:\Users\sureshd\.m2\repository\org\springframework\amqp\spring-amqp\2.1.15.RELEASE\spring-amqp-2.1.15.RELEASE.jar;C:\Users\sureshd\.m2\repository\org\springframework\retry\spring-retry\1.2.5.RELEASE\spring-retry-1.2.5.RELEASE.jar;C:\Users\sureshd\.m2\repository\org\springframework\spring-messaging\5.1.16.RELEASE\spring-messaging-5.1.16.RELEASE.jar;C:\Users\sureshd\.m2\repository\org\springframework\boot\spring-boot-configuration-processor\2.1.15.RELEASE\spring-boot-configuration-processor-2.1.15.RELEASE.jar;"/>
    <property name="java.vm.vendor" value="Oracle Corporation"/>
    <property name="sun.arch.data.model" value="64"/>
    <property name="user.variant" value=""/>
    <property name="java.vendor.url" value="http://java.oracle.com/"/>
    <property name="user.timezone" value="Asia/Calcutta"/>
    <property name="java.vm.specification.version" value="11"/>
    <property name="os.name" value="Windows 10"/>
    <property name="sun.java.launcher" value="SUN_STANDARD"/>
    <property name="user.country" value="IN"/>
    <property name="sun.boot.library.path" value="C:\Program Files\Java\jdk-11.0.6\bin"/>
    <property name="sun.java.command" value="C:\Users\sureshd\AppData\Local\Temp\surefire7671747541157045723\surefirebooter8601279244204361980.jar C:\Users\sureshd\AppData\Local\Temp\surefire7671747541157045723 2020-08-13T02-09-01_646-jvmRun1 surefire3539321803437026697tmp surefire_013997525985462038776tmp"/>
    <property name="jdk.debug" value="release"/>
    <property name="surefire.test.class.path" value="D:\Personal\Projectss\ascenthr_devops_java_stack\Java_source\CamelConsumer\target\test-classes;D:\Personal\Projectss\ascenthr_devops_java_stack\Java_source\CamelConsumer\target\classes;C:\Users\sureshd\.m2\repository\org\springframework\boot\spring-boot-starter-actuator\2.1.15.RELEASE\spring-boot-starter-actuator-2.1.15.RELEASE.jar;C:\Users\sureshd\.m2\repository\org\springframework\boot\spring-boot-starter\2.1.15.RELEASE\spring-boot-starter-2.1.15.RELEASE.jar;C:\Users\sureshd\.m2\repository\org\springframework\boot\spring-boot-starter-logging\2.1.15.RELEASE\spring-boot-starter-logging-2.1.15.RELEASE.jar;C:\Users\sureshd\.m2\repository\ch\qos\logback\logback-classic\1.2.3\logback-classic-1.2.3.jar;C:\Users\sureshd\.m2\repository\ch\qos\logback\logback-core\1.2.3\logback-core-1.2.3.jar;C:\Users\sureshd\.m2\repository\org\apache\logging\log4j\log4j-to-slf4j\2.11.2\log4j-to-slf4j-2.11.2.jar;C:\Users\sureshd\.m2\repository\org\apache\logging\log4j\log4j-api\2.11.2\log4j-api-2.11.2.jar;C:\Users\sureshd\.m2\repository\org\slf4j\jul-to-slf4j\1.7.30\jul-to-slf4j-1.7.30.jar;C:\Users\sureshd\.m2\repository\javax\annotation\javax.annotation-api\1.3.2\javax.annotation-api-1.3.2.jar;C:\Users\sureshd\.m2\repository\org\yaml\snakeyaml\1.23\snakeyaml-1.23.jar;C:\Users\sureshd\.m2\repository\org\springframework\boot\spring-boot-actuator-autoconfigure\2.1.15.RELEASE\spring-boot-actuator-autoconfigure-2.1.15.RELEASE.jar;C:\Users\sureshd\.m2\repository\org\springframework\boot\spring-boot-actuator\2.1.15.RELEASE\spring-boot-actuator-2.1.15.RELEASE.jar;C:\Users\sureshd\.m2\repository\com\fasterxml\jackson\core\jackson-databind\2.9.10.4\jackson-databind-2.9.10.4.jar;C:\Users\sureshd\.m2\repository\com\fasterxml\jackson\core\jackson-annotations\2.9.10\jackson-annotations-2.9.10.jar;C:\Users\sureshd\.m2\repository\com\fasterxml\jackson\core\jackson-core\2.9.10\jackson-core-2.9.10.jar;C:\Users\sureshd\.m2\repository\org\springframework\spring-context\5.1.16.RELEASE\spring-context-5.1.16.RELEASE.jar;C:\Users\sureshd\.m2\repository\com\fasterxml\jackson\datatype\jackson-datatype-jsr310\2.9.10\jackson-datatype-jsr310-2.9.10.jar;C:\Users\sureshd\.m2\repository\io\micrometer\micrometer-core\1.1.14\micrometer-core-1.1.14.jar;C:\Users\sureshd\.m2\repository\org\hdrhistogram\HdrHistogram\2.1.9\HdrHistogram-2.1.9.jar;C:\Users\sureshd\.m2\repository\org\latencyutils\LatencyUtils\2.0.3\LatencyUtils-2.0.3.jar;C:\Users\sureshd\.m2\repository\io\micrometer\micrometer-registry-prometheus\1.1.14\micrometer-registry-prometheus-1.1.14.jar;C:\Users\sureshd\.m2\repository\io\prometheus\simpleclient_common\0.5.0\simpleclient_common-0.5.0.jar;C:\Users\sureshd\.m2\repository\io\prometheus\simpleclient\0.5.0\simpleclient-0.5.0.jar;C:\Users\sureshd\.m2\repository\org\springframework\boot\spring-boot-starter-web\2.1.15.RELEASE\spring-boot-starter-web-2.1.15.RELEASE.jar;C:\Users\sureshd\.m2\repository\org\springframework\boot\spring-boot-starter-json\2.1.15.RELEASE\spring-boot-starter-json-2.1.15.RELEASE.jar;C:\Users\sureshd\.m2\repository\com\fasterxml\jackson\datatype\jackson-datatype-jdk8\2.9.10\jackson-datatype-jdk8-2.9.10.jar;C:\Users\sureshd\.m2\repository\com\fasterxml\jackson\module\jackson-module-parameter-names\2.9.10\jackson-module-parameter-names-2.9.10.jar;C:\Users\sureshd\.m2\repository\org\springframework\boot\spring-boot-starter-tomcat\2.1.15.RELEASE\spring-boot-starter-tomcat-2.1.15.RELEASE.jar;C:\Users\sureshd\.m2\repository\org\apache\tomcat\embed\tomcat-embed-core\9.0.36\tomcat-embed-core-9.0.36.jar;C:\Users\sureshd\.m2\repository\org\apache\tomcat\embed\tomcat-embed-el\9.0.36\tomcat-embed-el-9.0.36.jar;C:\Users\sureshd\.m2\repository\org\apache\tomcat\embed\tomcat-embed-websocket\9.0.36\tomcat-embed-websocket-9.0.36.jar;C:\Users\sureshd\.m2\repository\org\hibernate\validator\hibernate-validator\6.0.20.Final\hibernate-validator-6.0.20.Final.jar;C:\Users\sureshd\.m2\repository\javax\validation\validation-api\2.0.1.Final\validation-api-2.0.1.Final.jar;C:\Users\sureshd\.m2\repository\org\jboss\logging\jboss-logging\3.3.3.Final\jboss-logging-3.3.3.Final.jar;C:\Users\sureshd\.m2\repository\com\fasterxml\classmate\1.4.0\classmate-1.4.0.jar;C:\Users\sureshd\.m2\repository\org\springframework\spring-web\5.1.16.RELEASE\spring-web-5.1.16.RELEASE.jar;C:\Users\sureshd\.m2\repository\org\springframework\spring-beans\5.1.16.RELEASE\spring-beans-5.1.16.RELEASE.jar;C:\Users\sureshd\.m2\repository\org\springframework\spring-webmvc\5.1.16.RELEASE\spring-webmvc-5.1.16.RELEASE.jar;C:\Users\sureshd\.m2\repository\org\springframework\spring-aop\5.1.16.RELEASE\spring-aop-5.1.16.RELEASE.jar;C:\Users\sureshd\.m2\repository\org\springframework\spring-expression\5.1.16.RELEASE\spring-expression-5.1.16.RELEASE.jar;C:\Users\sureshd\.m2\repository\org\springframework\boot\spring-boot-starter-data-jpa\2.1.15.RELEASE\spring-boot-starter-data-jpa-2.1.15.RELEASE.jar;C:\Users\sureshd\.m2\repository\org\springframework\boot\spring-boot-starter-aop\2.1.15.RELEASE\spring-boot-starter-aop-2.1.15.RELEASE.jar;C:\Users\sureshd\.m2\repository\org\aspectj\aspectjweaver\1.9.5\aspectjweaver-1.9.5.jar;C:\Users\sureshd\.m2\repository\org\springframework\boot\spring-boot-starter-jdbc\2.1.15.RELEASE\spring-boot-starter-jdbc-2.1.15.RELEASE.jar;C:\Users\sureshd\.m2\repository\com\zaxxer\HikariCP\3.2.0\HikariCP-3.2.0.jar;C:\Users\sureshd\.m2\repository\org\springframework\spring-jdbc\5.1.16.RELEASE\spring-jdbc-5.1.16.RELEASE.jar;C:\Users\sureshd\.m2\repository\javax\transaction\javax.transaction-api\1.3\javax.transaction-api-1.3.jar;C:\Users\sureshd\.m2\repository\javax\xml\bind\jaxb-api\2.3.1\jaxb-api-2.3.1.jar;C:\Users\sureshd\.m2\repository\javax\activation\javax.activation-api\1.2.0\javax.activation-api-1.2.0.jar;C:\Users\sureshd\.m2\repository\org\hibernate\hibernate-core\5.3.17.Final\hibernate-core-5.3.17.Final.jar;C:\Users\sureshd\.m2\repository\javax\persistence\javax.persistence-api\2.2\javax.persistence-api-2.2.jar;C:\Users\sureshd\.m2\repository\org\javassist\javassist\3.23.2-GA\javassist-3.23.2-GA.jar;C:\Users\sureshd\.m2\repository\net\bytebuddy\byte-buddy\1.9.16\byte-buddy-1.9.16.jar;C:\Users\sureshd\.m2\repository\antlr\antlr\2.7.7\antlr-2.7.7.jar;C:\Users\sureshd\.m2\repository\org\jboss\jandex\2.0.5.Final\jandex-2.0.5.Final.jar;C:\Users\sureshd\.m2\repository\org\dom4j\dom4j\2.1.3\dom4j-2.1.3.jar;C:\Users\sureshd\.m2\repository\org\hibernate\common\hibernate-commons-annotations\5.0.4.Final\hibernate-commons-annotations-5.0.4.Final.jar;C:\Users\sureshd\.m2\repository\org\glassfish\jaxb\jaxb-runtime\2.3.1\jaxb-runtime-2.3.1.jar;C:\Users\sureshd\.m2\repository\org\glassfish\jaxb\txw2\2.3.1\txw2-2.3.1.jar;C:\Users\sureshd\.m2\repository\com\sun\istack\istack-commons-runtime\3.0.7\istack-commons-runtime-3.0.7.jar;C:\Users\sureshd\.m2\repository\org\jvnet\staxex\stax-ex\1.8\stax-ex-1.8.jar;C:\Users\sureshd\.m2\repository\com\sun\xml\fastinfoset\FastInfoset\1.2.15\FastInfoset-1.2.15.jar;C:\Users\sureshd\.m2\repository\org\springframework\data\spring-data-jpa\2.1.18.RELEASE\spring-data-jpa-2.1.18.RELEASE.jar;C:\Users\sureshd\.m2\repository\org\springframework\data\spring-data-commons\2.1.18.RELEASE\spring-data-commons-2.1.18.RELEASE.jar;C:\Users\sureshd\.m2\repository\org\springframework\spring-orm\5.1.16.RELEASE\spring-orm-5.1.16.RELEASE.jar;C:\Users\sureshd\.m2\repository\org\springframework\spring-tx\5.1.16.RELEASE\spring-tx-5.1.16.RELEASE.jar;C:\Users\sureshd\.m2\repository\org\springframework\spring-aspects\5.1.16.RELEASE\spring-aspects-5.1.16.RELEASE.jar;C:\Users\sureshd\.m2\repository\org\apache\camel\springboot\camel-spring-boot-starter\3.4.0\camel-spring-boot-starter-3.4.0.jar;C:\Users\sureshd\.m2\repository\org\apache\camel\springboot\camel-spring-boot\3.4.0\camel-spring-boot-3.4.0.jar;C:\Users\sureshd\.m2\repository\org\apache\camel\camel-spring\3.4.0\camel-spring-3.4.0.jar;C:\Users\sureshd\.m2\repository\org\apache\camel\camel-xml-jaxb\3.4.0\camel-xml-jaxb-3.4.0.jar;C:\Users\sureshd\.m2\repository\com\sun\xml\bind\jaxb-core\2.3.0\jaxb-core-2.3.0.jar;C:\Users\sureshd\.m2\repository\com\sun\xml\bind\jaxb-impl\2.3.0\jaxb-impl-2.3.0.jar;C:\Users\sureshd\.m2\repository\org\apache\camel\camel-core-xml\3.4.0\camel-core-xml-3.4.0.jar;C:\Users\sureshd\.m2\repository\org\apache\camel\camel-cloud\3.4.0\camel-cloud-3.4.0.jar;C:\Users\sureshd\.m2\repository\org\apache\camel\camel-cluster\3.4.0\camel-cluster-3.4.0.jar;C:\Users\sureshd\.m2\repository\org\apache\camel\camel-core-catalog\3.4.0\camel-core-catalog-3.4.0.jar;C:\Users\sureshd\.m2\repository\org\apache\camel\camel-health\3.4.0\camel-health-3.4.0.jar;C:\Users\sureshd\.m2\repository\org\apache\camel\camel-main\3.4.0\camel-main-3.4.0.jar;C:\Users\sureshd\.m2\repository\jakarta\xml\bind\jakarta.xml.bind-api\2.3.2\jakarta.xml.bind-api-2.3.2.jar;C:\Users\sureshd\.m2\repository\jakarta\activation\jakarta.activation-api\1.2.1\jakarta.activation-api-1.2.1.jar;C:\Users\sureshd\.m2\repository\org\apache\camel\springboot\camel-core-starter\3.4.0\camel-core-starter-3.4.0.jar;C:\Users\sureshd\.m2\repository\org\apache\camel\camel-core\3.4.0\camel-core-3.4.0.jar;C:\Users\sureshd\.m2\repository\org\apache\camel\springboot\camel-rabbitmq-starter\3.4.0\camel-rabbitmq-starter-3.4.0.jar;C:\Users\sureshd\.m2\repository\org\apache\camel\camel-rabbitmq\3.4.0\camel-rabbitmq-3.4.0.jar;C:\Users\sureshd\.m2\repository\com\rabbitmq\amqp-client\5.4.3\amqp-client-5.4.3.jar;C:\Users\sureshd\.m2\repository\commons-pool\commons-pool\1.6\commons-pool-1.6.jar;C:\Users\sureshd\.m2\repository\org\apache\camel\camel-support\3.4.0\camel-support-3.4.0.jar;C:\Users\sureshd\.m2\repository\org\apache\camel\springboot\camel-jackson-starter\3.4.0\camel-jackson-starter-3.4.0.jar;C:\Users\sureshd\.m2\repository\org\apache\camel\camel-jackson\3.4.0\camel-jackson-3.4.0.jar;C:\Users\sureshd\.m2\repository\org\apache\camel\camel-test\3.4.0\camel-test-3.4.0.jar;C:\Users\sureshd\.m2\repository\org\apache\camel\camel-core-engine\3.4.0\camel-core-engine-3.4.0.jar;C:\Users\sureshd\.m2\repository\org\apache\camel\camel-api\3.4.0\camel-api-3.4.0.jar;C:\Users\sureshd\.m2\repository\org\apache\camel\camel-base\3.4.0\camel-base-3.4.0.jar;C:\Users\sureshd\.m2\repository\org\apache\camel\camel-management-api\3.4.0\camel-management-api-3.4.0.jar;C:\Users\sureshd\.m2\repository\org\apache\camel\camel-util\3.4.0\camel-util-3.4.0.jar;C:\Users\sureshd\.m2\repository\org\apache\camel\camel-core-languages\3.4.0\camel-core-languages-3.4.0.jar;C:\Users\sureshd\.m2\repository\org\apache\camel\camel-bean\3.4.0\camel-bean-3.4.0.jar;C:\Users\sureshd\.m2\repository\org\apache\camel\camel-browse\3.4.0\camel-browse-3.4.0.jar;C:\Users\sureshd\.m2\repository\org\apache\camel\camel-caffeine-lrucache\3.4.0\camel-caffeine-lrucache-3.4.0.jar;C:\Users\sureshd\.m2\repository\com\github\ben-manes\caffeine\caffeine\2.6.2\caffeine-2.6.2.jar;C:\Users\sureshd\.m2\repository\org\apache\camel\camel-controlbus\3.4.0\camel-controlbus-3.4.0.jar;C:\Users\sureshd\.m2\repository\org\apache\camel\camel-dataformat\3.4.0\camel-dataformat-3.4.0.jar;C:\Users\sureshd\.m2\repository\org\apache\camel\camel-dataset\3.4.0\camel-dataset-3.4.0.jar;C:\Users\sureshd\.m2\repository\org\apache\camel\camel-direct\3.4.0\camel-direct-3.4.0.jar;C:\Users\sureshd\.m2\repository\org\apache\camel\camel-directvm\3.4.0\camel-directvm-3.4.0.jar;C:\Users\sureshd\.m2\repository\org\apache\camel\camel-file\3.4.0\camel-file-3.4.0.jar;C:\Users\sureshd\.m2\repository\org\apache\camel\camel-language\3.4.0\camel-language-3.4.0.jar;C:\Users\sureshd\.m2\repository\org\apache\camel\camel-log\3.4.0\camel-log-3.4.0.jar;C:\Users\sureshd\.m2\repository\org\apache\camel\camel-mock\3.4.0\camel-mock-3.4.0.jar;C:\Users\sureshd\.m2\repository\org\apache\camel\camel-ref\3.4.0\camel-ref-3.4.0.jar;C:\Users\sureshd\.m2\repository\org\apache\camel\camel-rest\3.4.0\camel-rest-3.4.0.jar;C:\Users\sureshd\.m2\repository\org\apache\camel\camel-tooling-model\3.4.0\camel-tooling-model-3.4.0.jar;C:\Users\sureshd\.m2\repository\org\apache\camel\camel-util-json\3.4.0\camel-util-json-3.4.0.jar;C:\Users\sureshd\.m2\repository\org\apache\camel\camel-saga\3.4.0\camel-saga-3.4.0.jar;C:\Users\sureshd\.m2\repository\org\apache\camel\camel-scheduler\3.4.0\camel-scheduler-3.4.0.jar;C:\Users\sureshd\.m2\repository\org\apache\camel\camel-seda\3.4.0\camel-seda-3.4.0.jar;C:\Users\sureshd\.m2\repository\org\apache\camel\camel-stub\3.4.0\camel-stub-3.4.0.jar;C:\Users\sureshd\.m2\repository\org\apache\camel\camel-timer\3.4.0\camel-timer-3.4.0.jar;C:\Users\sureshd\.m2\repository\org\apache\camel\camel-validator\3.4.0\camel-validator-3.4.0.jar;C:\Users\sureshd\.m2\repository\org\apache\camel\camel-xml-jaxp\3.4.0\camel-xml-jaxp-3.4.0.jar;C:\Users\sureshd\.m2\repository\org\apache\camel\camel-vm\3.4.0\camel-vm-3.4.0.jar;C:\Users\sureshd\.m2\repository\org\apache\camel\camel-xpath\3.4.0\camel-xpath-3.4.0.jar;C:\Users\sureshd\.m2\repository\org\apache\camel\camel-xslt\3.4.0\camel-xslt-3.4.0.jar;C:\Users\sureshd\.m2\repository\junit\junit\4.12\junit-4.12.jar;C:\Users\sureshd\.m2\repository\org\assertj\assertj-core\3.11.1\assertj-core-3.11.1.jar;C:\Users\sureshd\.m2\repository\org\postgresql\postgresql\42.2.14\postgresql-42.2.14.jar;C:\Users\sureshd\.m2\repository\org\slf4j\slf4j-api\1.7.30\slf4j-api-1.7.30.jar;C:\Users\sureshd\.m2\repository\org\slf4j\slf4j-simple\1.7.30\slf4j-simple-1.7.30.jar;C:\Users\sureshd\.m2\repository\org\springframework\boot\spring-boot-devtools\2.1.15.RELEASE\spring-boot-devtools-2.1.15.RELEASE.jar;C:\Users\sureshd\.m2\repository\org\springframework\boot\spring-boot\2.1.15.RELEASE\spring-boot-2.1.15.RELEASE.jar;C:\Users\sureshd\.m2\repository\org\springframework\boot\spring-boot-autoconfigure\2.1.15.RELEASE\spring-boot-autoconfigure-2.1.15.RELEASE.jar;C:\Users\sureshd\.m2\repository\org\projectlombok\lombok\1.18.12\lombok-1.18.12.jar;C:\Users\sureshd\.m2\repository\org\springframework\boot\spring-boot-starter-test\2.1.15.RELEASE\spring-boot-starter-test-2.1.15.RELEASE.jar;C:\Users\sureshd\.m2\repository\org\springframework\boot\spring-boot-test\2.1.15.RELEASE\spring-boot-test-2.1.15.RELEASE.jar;C:\Users\sureshd\.m2\repository\org\springframework\boot\spring-boot-test-autoconfigure\2.1.15.RELEASE\spring-boot-test-autoconfigure-2.1.15.RELEASE.jar;C:\Users\sureshd\.m2\repository\com\jayway\jsonpath\json-path\2.4.0\json-path-2.4.0.jar;C:\Users\sureshd\.m2\repository\net\minidev\json-smart\2.3\json-smart-2.3.jar;C:\Users\sureshd\.m2\repository\net\minidev\accessors-smart\1.2\accessors-smart-1.2.jar;C:\Users\sureshd\.m2\repository\org\ow2\asm\asm\5.0.4\asm-5.0.4.jar;C:\Users\sureshd\.m2\repository\org\mockito\mockito-core\2.23.4\mockito-core-2.23.4.jar;C:\Users\sureshd\.m2\repository\net\bytebuddy\byte-buddy-agent\1.9.16\byte-buddy-agent-1.9.16.jar;C:\Users\sureshd\.m2\repository\org\objenesis\objenesis\2.6\objenesis-2.6.jar;C:\Users\sureshd\.m2\repository\org\hamcrest\hamcrest-core\1.3\hamcrest-core-1.3.jar;C:\Users\sureshd\.m2\repository\org\hamcrest\hamcrest-library\1.3\hamcrest-library-1.3.jar;C:\Users\sureshd\.m2\repository\org\skyscreamer\jsonassert\1.5.0\jsonassert-1.5.0.jar;C:\Users\sureshd\.m2\repository\com\vaadin\external\google\android-json\0.0.20131108.vaadin1\android-json-0.0.20131108.vaadin1.jar;C:\Users\sureshd\.m2\repository\org\springframework\spring-core\5.1.16.RELEASE\spring-core-5.1.16.RELEASE.jar;C:\Users\sureshd\.m2\repository\org\springframework\spring-jcl\5.1.16.RELEASE\spring-jcl-5.1.16.RELEASE.jar;C:\Users\sureshd\.m2\repository\org\springframework\spring-test\5.1.16.RELEASE\spring-test-5.1.16.RELEASE.jar;C:\Users\sureshd\.m2\repository\org\xmlunit\xmlunit-core\2.6.4\xmlunit-core-2.6.4.jar;C:\Users\sureshd\.m2\repository\org\springframework\amqp\spring-rabbit-test\2.1.15.RELEASE\spring-rabbit-test-2.1.15.RELEASE.jar;C:\Users\sureshd\.m2\repository\org\hamcrest\hamcrest-all\1.3\hamcrest-all-1.3.jar;C:\Users\sureshd\.m2\repository\org\springframework\amqp\spring-rabbit\2.1.15.RELEASE\spring-rabbit-2.1.15.RELEASE.jar;C:\Users\sureshd\.m2\repository\org\springframework\amqp\spring-amqp\2.1.15.RELEASE\spring-amqp-2.1.15.RELEASE.jar;C:\Users\sureshd\.m2\repository\org\springframework\retry\spring-retry\1.2.5.RELEASE\spring-retry-1.2.5.RELEASE.jar;C:\Users\sureshd\.m2\repository\org\springframework\spring-messaging\5.1.16.RELEASE\spring-messaging-5.1.16.RELEASE.jar;C:\Users\sureshd\.m2\repository\org\springframework\boot\spring-boot-configuration-processor\2.1.15.RELEASE\spring-boot-configuration-processor-2.1.15.RELEASE.jar;"/>
    <property name="sun.cpu.endian" value="little"/>
    <property name="user.home" value="C:\Users\sureshd"/>
    <property name="user.language" value="en"/>
    <property name="java.specification.vendor" value="Oracle Corporation"/>
    <property name="java.version.date" value="2020-01-14"/>
    <property name="java.home" value="C:\Program Files\Java\jdk-11.0.6"/>
    <property name="file.separator" value="\"/>
    <property name="basedir" value="D:\Personal\Projectss\ascenthr_devops_java_stack\Java_source\CamelConsumer"/>
    <property name="java.vm.compressedOopsMode" value="Zero based"/>
    <property name="line.separator" value="&#10;"/>
    <property name="java.specification.name" value="Java Platform API Specification"/>
    <property name="java.vm.specification.vendor" value="Oracle Corporation"/>
    <property name="java.awt.graphicsenv" value="sun.awt.Win32GraphicsEnvironment"/>
    <property name="surefire.real.class.path" value="C:\Users\sureshd\AppData\Local\Temp\surefire7671747541157045723\surefirebooter8601279244204361980.jar"/>
    <property name="user.script" value=""/>
    <property name="sun.management.compiler" value="HotSpot 64-Bit Tiered Compilers"/>
    <property name="java.runtime.version" value="11.0.6+8-LTS"/>
    <property name="user.name" value="sureshd"/>
    <property name="path.separator" value=";"/>
    <property name="os.version" value="10.0"/>
    <property name="java.runtime.name" value="Java(TM) SE Runtime Environment"/>
    <property name="file.encoding" value="Cp1252"/>
    <property name="java.vm.name" value="Java HotSpot(TM) 64-Bit Server VM"/>
    <property name="java.vendor.version" value="18.9"/>
    <property name="localRepository" value="C:\Users\sureshd\.m2\repository"/>
    <property name="java.vendor.url.bug" value="http://bugreport.java.com/bugreport/"/>
    <property name="java.io.tmpdir" value="C:\Users\sureshd\AppData\Local\Temp\"/>
    <property name="java.version" value="11.0.6"/>
    <property name="user.dir" value="D:\Personal\Projectss\ascenthr_devops_java_stack\Java_source\CamelConsumer"/>
    <property name="os.arch" value="amd64"/>
    <property name="java.vm.specification.name" value="Java Virtual Machine Specification"/>
    <property name="java.awt.printerjob" value="sun.awt.windows.WPrinterJob"/>
    <property name="sun.os.patch.level" value=""/>
    <property name="java.library.path" value="C:\Program Files\Java\jdk-11.0.6\bin;C:\Windows\Sun\Java\bin;C:\Windows\system32;C:\Windows;C:\Program Files\Java\jdk-11.0.6\bin;C:\Oracle\WINDOWS.X64_193000_db_home\bin;C:\Program Files (x86)\Common Files\Oracle\Java\javapath;C:\Windows\system32;C:\Windows;C:\Windows\System32\Wbem;C:\Windows\System32\WindowsPowerShell\v1.0\;C:\Windows\System32\OpenSSH\;C:\Strawberry\c\bin;C:\Strawberry\perl\site\bin;C:\Strawberry\perl\bin;C:\Program Files\nodejs\;C:\Program Files\Git\cmd;C:\apache-maven-3.6.3\bin;C:\Program Files\PostgreSQL\12\bin;C:\Program Files\RabbitMQ Server\rabbitmq_server-3.8.5\sbin;;C:\Program Files\Docker\Docker\resources\bin;C:\ProgramData\DockerDesktop\version-bin;C:\Users\sureshd\AppData\Local\Programs\Python\Python37\Scripts\;C:\Users\sureshd\AppData\Local\Programs\Python\Python37\;C:\Program Files\MySQL\MySQL Shell 8.0\bin\;C:\Users\sureshd\AppData\Local\Microsoft\WindowsApps;C:\Users\sureshd\AppData\Roaming\npm;C:\Users\sureshd\AppData\Local\Programs\Microsoft VS Code\bin;C:\Users\sureshd\AppData\Local\GitHubDesktop\bin;C:\Program Files\JetBrains\IntelliJ IDEA 2020.1.3\bin;."/>
    <property name="java.vendor" value="Oracle Corporation"/>
    <property name="java.vm.info" value="mixed mode"/>
    <property name="java.vm.version" value="11.0.6+8-LTS"/>
    <property name="sun.io.unicode.encoding" value="UnicodeLittle"/>
    <property name="java.class.version" value="55.0"/>
  </properties>
  <testcase name="contextLoads" classname="com.ascenthr.camel.consumer.CamelConsumerApplicationTests" time="0"/>
</testsuite>